0 info it worked if it ends with ok
1 verbose cli [ '/usr/local/bin/node',
1 verbose cli   '/usr/local/bin/npm',
1 verbose cli   'install',
1 verbose cli   '-g',
1 verbose cli   'browserify' ]
2 info using npm@2.10.1
3 info using node@v0.12.4
4 verbose install initial load of /usr/local/lib/package.json
5 verbose readDependencies loading dependencies from /usr/local/lib/package.json
6 silly cache add args [ 'browserify', null ]
7 verbose cache add spec browserify
8 silly cache add parsed spec { raw: 'browserify',
8 silly cache add   scope: null,
8 silly cache add   name: 'browserify',
8 silly cache add   rawSpec: '',
8 silly cache add   spec: '*',
8 silly cache add   type: 'range' }
9 silly addNamed browserify@*
10 verbose addNamed "*" is a valid semver range for browserify
11 silly addNameRange { name: 'browserify', range: '*', hasData: false }
12 silly mapToRegistry name browserify
13 silly mapToRegistry using default registry
14 silly mapToRegistry registry https://registry.npmjs.org/
15 silly mapToRegistry uri https://registry.npmjs.org/browserify
16 verbose addNameRange registry:https://registry.npmjs.org/browserify not in flight; fetching
17 verbose request uri https://registry.npmjs.org/browserify
18 verbose request no auth needed
19 info attempt registry request try #1 at 00:20:38
20 verbose request id 20dd9720c950dcfc
21 verbose etag "4LBZHCQ3L6OUD0CNJ41KFKQUK"
22 http request GET https://registry.npmjs.org/browserify
23 http 304 https://registry.npmjs.org/browserify
24 silly get cb [ 304,
24 silly get   { date: 'Sun, 21 Jun 2015 04:28:12 GMT',
24 silly get     via: '1.1 varnish',
24 silly get     'cache-control': 'max-age=60',
24 silly get     etag: '"4LBZHCQ3L6OUD0CNJ41KFKQUK"',
24 silly get     age: '0',
24 silly get     connection: 'keep-alive',
24 silly get     'x-served-by': 'cache-iad2141-IAD',
24 silly get     'x-cache': 'HIT',
24 silly get     'x-cache-hits': '1',
24 silly get     'x-timer': 'S1434860892.471851,VS0,VE96',
24 silly get     vary: 'Accept' } ]
25 verbose etag https://registry.npmjs.org/browserify from cache
26 verbose get saving browserify to /ngs-pubdata/home/baohongz/.npm/registry.npmjs.org/browserify/.cache.json
27 silly addNameRange number 2 { name: 'browserify', range: '*', hasData: true }
28 silly addNameRange versions [ 'browserify',
28 silly addNameRange   [ '0.0.1',
28 silly addNameRange     '0.0.2',
28 silly addNameRange     '0.0.3',
28 silly addNameRange     '0.0.4',
28 silly addNameRange     '0.0.5',
28 silly addNameRange     '0.1.0',
28 silly addNameRange     '0.1.1',
28 silly addNameRange     '0.1.2',
28 silly addNameRange     '0.1.3',
28 silly addNameRange     '0.1.4',
28 silly addNameRange     '0.1.5',
28 silly addNameRange     '0.2.0',
28 silly addNameRange     '0.2.1',
28 silly addNameRange     '0.2.2',
28 silly addNameRange     '0.2.3',
28 silly addNameRange     '0.2.4',
28 silly addNameRange     '0.2.5',
28 silly addNameRange     '0.2.6',
28 silly addNameRange     '0.2.7',
28 silly addNameRange     '0.2.8',
28 silly addNameRange     '0.2.9',
28 silly addNameRange     '0.2.10',
28 silly addNameRange     '0.2.11',
28 silly addNameRange     '0.3.0',
28 silly addNameRange     '0.3.1',
28 silly addNameRange     '0.3.2',
28 silly addNameRange     '0.3.3',
28 silly addNameRange     '0.3.4',
28 silly addNameRange     '0.3.5',
28 silly addNameRange     '0.3.6',
28 silly addNameRange     '0.3.7',
28 silly addNameRange     '0.4.0',
28 silly addNameRange     '0.4.1',
28 silly addNameRange     '0.4.2',
28 silly addNameRange     '0.4.3',
28 silly addNameRange     '0.4.4',
28 silly addNameRange     '0.4.5',
28 silly addNameRange     '0.4.6',
28 silly addNameRange     '0.4.7',
28 silly addNameRange     '0.4.8',
28 silly addNameRange     '0.4.9',
28 silly addNameRange     '0.4.10',
28 silly addNameRange     '0.4.11',
28 silly addNameRange     '0.4.12',
28 silly addNameRange     '0.4.13',
28 silly addNameRange     '0.4.14',
28 silly addNameRange     '0.4.15',
28 silly addNameRange     '0.5.0',
28 silly addNameRange     '0.5.1',
28 silly addNameRange     '0.5.2',
28 silly addNameRange     '1.0.0',
28 silly addNameRange     '1.1.0',
28 silly addNameRange     '1.1.1',
28 silly addNameRange     '1.1.2',
28 silly addNameRange     '1.1.3',
28 silly addNameRange     '1.1.4',
28 silly addNameRange     '1.2.0',
28 silly addNameRange     '1.2.1',
28 silly addNameRange     '1.2.2',
28 silly addNameRange     '1.2.3',
28 silly addNameRange     '1.2.4',
28 silly addNameRange     '1.2.5',
28 silly addNameRange     '1.2.6',
28 silly addNameRange     '1.2.7',
28 silly addNameRange     '1.2.8',
28 silly addNameRange     '1.2.9',
28 silly addNameRange     '1.3.0',
28 silly addNameRange     '1.4.0',
28 silly addNameRange     '1.4.1',
28 silly addNameRange     '1.4.2',
28 silly addNameRange     '1.4.3',
28 silly addNameRange     '1.4.4',
28 silly addNameRange     '1.4.5',
28 silly addNameRange     '1.4.6',
28 silly addNameRange     '1.4.7',
28 silly addNameRange     '1.4.8',
28 silly addNameRange     '1.5.0',
28 silly addNameRange     '1.6.0',
28 silly addNameRange     '1.6.1',
28 silly addNameRange     '1.7.0',
28 silly addNameRange     '1.7.1',
28 silly addNameRange     '1.7.2',
28 silly addNameRange     '1.7.3',
28 silly addNameRange     '1.7.4',
28 silly addNameRange     '1.7.5',
28 silly addNameRange     '1.7.6',
28 silly addNameRange     '1.7.7',
28 silly addNameRange     '1.8.0',
28 silly addNameRange     '1.8.1',
28 silly addNameRange     '1.8.2',
28 silly addNameRange     '1.8.3',
28 silly addNameRange     '1.9.0',
28 silly addNameRange     '1.9.1',
28 silly addNameRange     '1.9.2',
28 silly addNameRange     '1.9.3',
28 silly addNameRange     '1.9.4',
28 silly addNameRange     '1.10.0',
28 silly addNameRange     '1.10.1',
28 silly addNameRange     '1.10.2',
28 silly addNameRange     '1.10.3',
28 silly addNameRange     '1.10.4',
28 silly addNameRange     '1.10.5',
28 silly addNameRange     '1.10.6',
28 silly addNameRange     '1.10.7',
28 silly addNameRange     '1.10.8',
28 silly addNameRange     '1.10.9',
28 silly addNameRange     '1.10.11',
28 silly addNameRange     '1.10.12',
28 silly addNameRange     '1.10.13',
28 silly addNameRange     '1.10.14',
28 silly addNameRange     '1.10.15',
28 silly addNameRange     '1.10.16',
28 silly addNameRange     '1.10.17',
28 silly addNameRange     '1.11.0',
28 silly addNameRange     '1.11.1',
28 silly addNameRange     '1.12.0',
28 silly addNameRange     '1.12.1',
28 silly addNameRange     '1.12.2',
28 silly addNameRange     '1.12.3',
28 silly addNameRange     '1.13.0',
28 silly addNameRange     '1.13.1',
28 silly addNameRange     '1.13.2',
28 silly addNameRange     '1.13.3',
28 silly addNameRange     '1.13.4',
28 silly addNameRange     '1.13.5',
28 silly addNameRange     '1.13.6',
28 silly addNameRange     '1.13.8',
28 silly addNameRange     '1.13.9',
28 silly addNameRange     '1.13.10',
28 silly addNameRange     '1.14.0',
28 silly addNameRange     '1.14.1',
28 silly addNameRange     '1.14.2',
28 silly addNameRange     '1.14.3',
28 silly addNameRange     '1.14.4',
28 silly addNameRange     '1.14.5',
28 silly addNameRange     '1.15.0',
28 silly addNameRange     '1.15.1',
28 silly addNameRange     '1.15.2',
28 silly addNameRange     '1.15.3',
28 silly addNameRange     '1.15.4',
28 silly addNameRange     '1.15.5',
28 silly addNameRange     '1.15.6',
28 silly addNameRange     '1.16.0',
28 silly addNameRange     '1.16.1',
28 silly addNameRange     '1.16.2',
28 silly addNameRange     '1.16.3',
28 silly addNameRange     '1.16.4',
28 silly addNameRange     '1.16.5',
28 silly addNameRange     '1.16.6',
28 silly addNameRange     '1.16.7',
28 silly addNameRange     '1.16.8',
28 silly addNameRange     '1.17.0',
28 silly addNameRange     '1.17.1',
28 silly addNameRange     '1.17.2',
28 silly addNameRange     '1.17.3',
28 silly addNameRange     '1.18.0',
28 silly addNameRange     '2.0.0',
28 silly addNameRange     '2.0.1',
28 silly addNameRange     '2.1.0',
28 silly addNameRange     '2.2.0',
28 silly addNameRange     '2.2.1',
28 silly addNameRange     '2.2.2',
28 silly addNameRange     '2.2.3',
28 silly addNameRange     '2.2.4',
28 silly addNameRange     '2.2.5',
28 silly addNameRange     '2.2.6',
28 silly addNameRange     '2.3.0',
28 silly addNameRange     '2.3.1',
28 silly addNameRange     '2.4.0',
28 silly addNameRange     '2.4.1',
28 silly addNameRange     '2.4.2',
28 silly addNameRange     '2.4.3',
28 silly addNameRange     '2.5.0',
28 silly addNameRange     '2.5.1',
28 silly addNameRange     '2.6.0',
28 silly addNameRange     '2.6.1',
28 silly addNameRange     '2.7.0',
28 silly addNameRange     '2.7.1',
28 silly addNameRange     '2.7.2',
28 silly addNameRange     '2.7.3',
28 silly addNameRange     '2.7.4',
28 silly addNameRange     '2.8.0',
28 silly addNameRange     '2.8.1',
28 silly addNameRange     '2.9.0',
28 silly addNameRange     '2.10.0',
28 silly addNameRange     '2.10.1',
28 silly addNameRange     '2.10.2',
28 silly addNameRange     '2.11.0',
28 silly addNameRange     '2.12.0',
28 silly addNameRange     '2.12.1',
28 silly addNameRange     '2.12.2',
28 silly addNameRange     '2.12.3',
28 silly addNameRange     '2.12.4',
28 silly addNameRange     '2.12.5',
28 silly addNameRange     '2.13.0',
28 silly addNameRange     '2.13.1',
28 silly addNameRange     '2.13.2',
28 silly addNameRange     '2.13.3',
28 silly addNameRange     '2.14.0',
28 silly addNameRange     '2.14.1',
28 silly addNameRange     '2.14.2',
28 silly addNameRange     '2.15.0',
28 silly addNameRange     '2.16.0',
28 silly addNameRange     '2.17.0',
28 silly addNameRange     '2.17.1',
28 silly addNameRange     '2.17.2',
28 silly addNameRange     '2.17.3',
28 silly addNameRange     '2.17.4',
28 silly addNameRange     '2.18.0',
28 silly addNameRange     '2.18.1',
28 silly addNameRange     '2.19.0',
28 silly addNameRange     '2.20.0',
28 silly addNameRange     '2.20.1',
28 silly addNameRange     '2.20.2',
28 silly addNameRange     '2.21.0',
28 silly addNameRange     '2.22.0',
28 silly addNameRange     '2.23.0',
28 silly addNameRange     '2.23.1',
28 silly addNameRange     '2.24.0',
28 silly addNameRange     '2.24.1',
28 silly addNameRange     '2.24.2',
28 silly addNameRange     '2.24.3',
28 silly addNameRange     '2.25.0',
28 silly addNameRange     '2.25.1',
28 silly addNameRange     '2.26.0',
28 silly addNameRange     '2.27.0',
28 silly addNameRange     '2.27.1',
28 silly addNameRange     '2.28.0',
28 silly addNameRange     '2.29.0',
28 silly addNameRange     '2.29.1',
28 silly addNameRange     '2.30.0',
28 silly addNameRange     '2.31.0',
28 silly addNameRange     '2.32.0',
28 silly addNameRange     '2.32.1',
28 silly addNameRange     '2.32.2',
28 silly addNameRange     '2.32.3',
28 silly addNameRange     '2.32.4',
28 silly addNameRange     '2.33.0',
28 silly addNameRange     '2.33.1',
28 silly addNameRange     '2.34.0',
28 silly addNameRange     '2.34.1',
28 silly addNameRange     '2.34.2',
28 silly addNameRange     '2.34.3',
28 silly addNameRange     '2.35.0',
28 silly addNameRange     '2.35.1',
28 silly addNameRange     '2.35.2',
28 silly addNameRange     '2.35.3',
28 silly addNameRange     '2.35.4',
28 silly addNameRange     '2.36.0',
28 silly addNameRange     '2.36.1',
28 silly addNameRange     '3.0.0',
28 silly addNameRange     '3.1.0',
28 silly addNameRange     '3.1.1',
28 silly addNameRange     '3.1.2',
28 silly addNameRange     '3.1.3',
28 silly addNameRange     '3.2.0',
28 silly addNameRange     '3.2.1',
28 silly addNameRange     '3.2.2',
28 silly addNameRange     '3.3.0',
28 silly addNameRange     '3.4.0',
28 silly addNameRange     '3.4.1',
28 silly addNameRange     '3.5.0',
28 silly addNameRange     '3.6.0',
28 silly addNameRange     '3.7.0',
28 silly addNameRange     '3.8.0',
28 silly addNameRange     '3.8.1',
28 silly addNameRange     '3.9.0',
28 silly addNameRange     '3.9.1',
28 silly addNameRange     '3.10.0',
28 silly addNameRange     '3.11.0',
28 silly addNameRange     '3.11.1',
28 silly addNameRange     '3.12.0',
28 silly addNameRange     '3.13.0',
28 silly addNameRange     '3.14.0',
28 silly addNameRange     '3.14.1',
28 silly addNameRange     '3.16.0',
28 silly addNameRange     '3.16.1',
28 silly addNameRange     '3.17.0',
28 silly addNameRange     '3.18.0',
28 silly addNameRange     '3.19.0',
28 silly addNameRange     '3.19.1',
28 silly addNameRange     '3.20.0',
28 silly addNameRange     '3.20.1',
28 silly addNameRange     '3.20.2',
28 silly addNameRange     '3.21.0',
28 silly addNameRange     '3.21.1',
28 silly addNameRange     '3.22.0',
28 silly addNameRange     '3.22.1',
28 silly addNameRange     '3.23.0',
28 silly addNameRange     '3.23.1',
28 silly addNameRange     '3.24.0',
28 silly addNameRange     '3.24.1',
28 silly addNameRange     '3.24.2',
28 silly addNameRange     '3.24.3',
28 silly addNameRange     '3.24.4',
28 silly addNameRange     '3.24.5',
28 silly addNameRange     '3.24.6',
28 silly addNameRange     '3.24.7',
28 silly addNameRange     '3.24.8',
28 silly addNameRange     '3.24.9',
28 silly addNameRange     '3.24.10',
28 silly addNameRange     '3.24.11',
28 silly addNameRange     '3.24.13',
28 silly addNameRange     '3.25.0',
28 silly addNameRange     '3.25.1',
28 silly addNameRange     '3.25.2',
28 silly addNameRange     '3.26.0',
28 silly addNameRange     '3.27.0',
28 silly addNameRange     '3.27.1',
28 silly addNameRange     '3.28.0',
28 silly addNameRange     '3.28.1',
28 silly addNameRange     '3.28.2',
28 silly addNameRange     '3.29.0',
28 silly addNameRange     '3.29.1',
28 silly addNameRange     '3.30.0',
28 silly addNameRange     '3.30.1',
28 silly addNameRange     '3.30.2',
28 silly addNameRange     '3.30.3',
28 silly addNameRange     '3.30.4',
28 silly addNameRange     '3.31.0',
28 silly addNameRange     '3.31.1',
28 silly addNameRange     '3.31.2',
28 silly addNameRange     '3.32.0',
28 silly addNameRange     '3.32.1',
28 silly addNameRange     '3.33.0',
28 silly addNameRange     '3.33.1',
28 silly addNameRange     '3.34.0',
28 silly addNameRange     '3.35.0',
28 silly addNameRange     '3.36.0',
28 silly addNameRange     '3.36.1',
28 silly addNameRange     '3.37.0',
28 silly addNameRange     '3.37.1',
28 silly addNameRange     '3.37.2',
28 silly addNameRange     '3.38.0',
28 silly addNameRange     '3.38.1',
28 silly addNameRange     '3.39.0',
28 silly addNameRange     '3.40.0',
28 silly addNameRange     '3.40.1',
28 silly addNameRange     '3.40.2',
28 silly addNameRange     '3.40.3',
28 silly addNameRange     '3.40.4',
28 silly addNameRange     '3.41.0',
28 silly addNameRange     '3.42.0',
28 silly addNameRange     '3.43.0',
28 silly addNameRange     '3.44.0',
28 silly addNameRange     '3.44.1',
28 silly addNameRange     '3.44.2',
28 silly addNameRange     '3.45.0',
28 silly addNameRange     '3.46.0',
28 silly addNameRange     '3.46.1',
28 silly addNameRange     '4.0.0',
28 silly addNameRange     '4.1.0',
28 silly addNameRange     '4.1.1',
28 silly addNameRange     '4.1.2',
28 silly addNameRange     '4.1.3',
28 silly addNameRange     '4.1.4',
28 silly addNameRange     '4.1.5',
28 silly addNameRange     '4.1.6',
28 silly addNameRange     '4.1.7',
28 silly addNameRange     '4.1.8',
28 silly addNameRange     '4.1.9',
28 silly addNameRange     '4.1.10',
28 silly addNameRange     '4.1.11',
28 silly addNameRange     '4.2.0',
28 silly addNameRange     '4.2.1',
28 silly addNameRange     '4.2.2',
28 silly addNameRange     '4.2.3',
28 silly addNameRange     '5.0.0',
28 silly addNameRange     '5.0.1',
28 silly addNameRange     '5.0.2',
28 silly addNameRange     '5.0.3',
28 silly addNameRange     '5.0.4',
28 silly addNameRange     '5.0.5',
28 silly addNameRange     '5.0.6',
28 silly addNameRange     '5.0.7',
28 silly addNameRange     '5.0.8',
28 silly addNameRange     '5.1.0',
28 silly addNameRange     '5.1.1',
28 silly addNameRange     '5.2.0',
28 silly addNameRange     '5.2.1',
28 silly addNameRange     '5.3.0',
28 silly addNameRange     '5.4.0',
28 silly addNameRange     '5.4.1',
28 silly addNameRange     '5.4.2',
28 silly addNameRange     '5.5.0',
28 silly addNameRange     '5.6.0',
28 silly addNameRange     '5.6.1',
28 silly addNameRange     '5.7.0',
28 silly addNameRange     '5.8.0',
28 silly addNameRange     '5.9.0',
28 silly addNameRange     '5.9.1',
28 silly addNameRange     '5.9.2',
28 silly addNameRange     '5.9.3',
28 silly addNameRange     '5.10.0',
28 silly addNameRange     '5.10.1',
28 silly addNameRange     '5.11.0',
28 silly addNameRange     '5.11.1',
28 silly addNameRange     '5.11.2',
28 silly addNameRange     '5.12.0',
28 silly addNameRange     '5.12.1',
28 silly addNameRange     '5.12.2',
28 silly addNameRange     '5.13.0',
28 silly addNameRange     '5.13.1',
28 silly addNameRange     '6.0.0',
28 silly addNameRange     '6.0.1',
28 silly addNameRange     '6.0.2',
28 silly addNameRange     '6.0.3',
28 silly addNameRange     '6.1.0',
28 silly addNameRange     '6.1.1',
28 silly addNameRange     '6.1.2',
28 silly addNameRange     '6.2.0',
28 silly addNameRange     '6.3.0',
28 silly addNameRange     '6.3.1',
28 silly addNameRange     '6.3.2',
28 silly addNameRange     '6.3.3',
28 silly addNameRange     '6.3.4',
28 silly addNameRange     '7.0.0',
28 silly addNameRange     '7.0.1',
28 silly addNameRange     '7.0.2',
28 silly addNameRange     '7.0.3',
28 silly addNameRange     '7.1.0',
28 silly addNameRange     '8.0.0',
28 silly addNameRange     '8.0.1',
28 silly addNameRange     '8.0.2',
28 silly addNameRange     '8.0.3',
28 silly addNameRange     '8.1.0',
28 silly addNameRange     '8.1.1',
28 silly addNameRange     '8.1.2',
28 silly addNameRange     '8.1.3',
28 silly addNameRange     '9.0.0',
28 silly addNameRange     '9.0.1',
28 silly addNameRange     '9.0.2',
28 silly addNameRange     '9.0.3',
28 silly addNameRange     '9.0.4',
28 silly addNameRange     '9.0.5',
28 silly addNameRange     '9.0.6',
28 silly addNameRange     '9.0.7',
28 silly addNameRange     '9.0.8',
28 silly addNameRange     '10.0.0',
28 silly addNameRange     '10.1.0',
28 silly addNameRange     '10.1.1',
28 silly addNameRange     '10.1.2',
28 silly addNameRange     '10.1.3',
28 silly addNameRange     '10.2.0',
28 silly addNameRange     '10.2.1',
28 silly addNameRange     '10.2.3',
28 silly addNameRange     '10.2.4' ] ]
29 silly addNamed browserify@10.2.4
30 verbose addNamed "10.2.4" is a plain semver version for browserify
31 silly cache afterAdd browserify@10.2.4
32 verbose afterAdd /ngs-pubdata/home/baohongz/.npm/browserify/10.2.4/package/package.json not in flight; writing
33 verbose afterAdd /ngs-pubdata/home/baohongz/.npm/browserify/10.2.4/package/package.json written
34 silly install resolved [ { name: 'browserify',
34 silly install resolved     version: '10.2.4',
34 silly install resolved     description: 'browser-side require() the node way',
34 silly install resolved     main: 'index.js',
34 silly install resolved     bin: { browserify: 'bin/cmd.js' },
34 silly install resolved     repository:
34 silly install resolved      { type: 'git',
34 silly install resolved        url: 'git+ssh://git@github.com/substack/node-browserify.git' },
34 silly install resolved     keywords:
34 silly install resolved      [ 'browser',
34 silly install resolved        'require',
34 silly install resolved        'commonjs',
34 silly install resolved        'commonj-esque',
34 silly install resolved        'bundle',
34 silly install resolved        'npm',
34 silly install resolved        'javascript' ],
34 silly install resolved     dependencies:
34 silly install resolved      { JSONStream: '^1.0.3',
34 silly install resolved        assert: '~1.3.0',
34 silly install resolved        'browser-pack': '^5.0.0',
34 silly install resolved        'browser-resolve': '^1.7.1',
34 silly install resolved        'browserify-zlib': '~0.1.2',
34 silly install resolved        buffer: '^3.0.0',
34 silly install resolved        builtins: '~0.0.3',
34 silly install resolved        commondir: '0.0.1',
34 silly install resolved        'concat-stream': '~1.4.1',
34 silly install resolved        'console-browserify': '^1.1.0',
34 silly install resolved        'constants-browserify': '~0.0.1',
34 silly install resolved        'crypto-browserify': '^3.0.0',
34 silly install resolved        defined: '^1.0.0',
34 silly install resolved        'deps-sort': '^1.3.7',
34 silly install resolved        'domain-browser': '~1.1.0',
34 silly install resolved        duplexer2: '~0.0.2',
34 silly install resolved        events: '~1.0.0',
34 silly install resolved        glob: '^4.0.5',
34 silly install resolved        has: '^1.0.0',
34 silly install resolved        htmlescape: '^1.1.0',
34 silly install resolved        'http-browserify': '^1.4.0',
34 silly install resolved        'https-browserify': '~0.0.0',
34 silly install resolved        inherits: '~2.0.1',
34 silly install resolved        'insert-module-globals': '^6.4.1',
34 silly install resolved        isarray: '0.0.1',
34 silly install resolved        'labeled-stream-splicer': '^1.0.0',
34 silly install resolved        'module-deps': '^3.7.11',
34 silly install resolved        'os-browserify': '~0.1.1',
34 silly install resolved        parents: '^1.0.1',
34 silly install resolved        'path-browserify': '~0.0.0',
34 silly install resolved        process: '~0.11.0',
34 silly install resolved        punycode: '^1.3.2',
34 silly install resolved        'querystring-es3': '~0.2.0',
34 silly install resolved        'read-only-stream': '^1.1.1',
34 silly install resolved        'readable-stream': '^1.1.13',
34 silly install resolved        resolve: '^1.1.4',
34 silly install resolved        shasum: '^1.0.0',
34 silly install resolved        'shell-quote': '~0.0.1',
34 silly install resolved        'stream-browserify': '^1.0.0',
34 silly install resolved        string_decoder: '~0.10.0',
34 silly install resolved        subarg: '^1.0.0',
34 silly install resolved        'syntax-error': '^1.1.1',
34 silly install resolved        through2: '^1.0.0',
34 silly install resolved        'timers-browserify': '^1.0.1',
34 silly install resolved        'tty-browserify': '~0.0.0',
34 silly install resolved        url: '~0.10.1',
34 silly install resolved        util: '~0.10.1',
34 silly install resolved        'vm-browserify': '~0.0.1',
34 silly install resolved        xtend: '^4.0.0' },
34 silly install resolved     devDependencies:
34 silly install resolved      { backbone: '~0.9.2',
34 silly install resolved        'browser-unpack': '~0.0.0',
34 silly install resolved        'coffee-script': '~1.5.0',
34 silly install resolved        coffeeify: '~0.6.0',
34 silly install resolved        es6ify: '~0.4.8',
34 silly install resolved        isstream: '^0.1.2',
34 silly install resolved        seq: '0.3.3',
34 silly install resolved        tap: '^1.1.0',
34 silly install resolved        temp: '^0.8.1',
34 silly install resolved        through: '^2.3.4' },
34 silly install resolved     author:
34 silly install resolved      { name: 'James Halliday',
34 silly install resolved        email: 'mail@substack.net',
34 silly install resolved        url: 'http://substack.net' },
34 silly install resolved     scripts: { test: 'tap test/*.js' },
34 silly install resolved     license: 'MIT',
34 silly install resolved     gitHead: 'f9c256174fe282f7a8ca619d7168161e8e208524',
34 silly install resolved     bugs: { url: 'https://github.com/substack/node-browserify/issues' },
34 silly install resolved     homepage: 'https://github.com/substack/node-browserify#readme',
34 silly install resolved     _id: 'browserify@10.2.4',
34 silly install resolved     _shasum: '670cb7dcdd40d67a221e0a1bb757a1d1e8378043',
34 silly install resolved     _from: 'browserify@*',
34 silly install resolved     _npmVersion: '2.11.1',
34 silly install resolved     _nodeVersion: '0.10.38',
34 silly install resolved     _npmUser: { name: 'zertosh', email: 'zertosh@gmail.com' },
34 silly install resolved     maintainers:
34 silly install resolved      [ [Object],
34 silly install resolved        [Object],
34 silly install resolved        [Object],
34 silly install resolved        [Object],
34 silly install resolved        [Object],
34 silly install resolved        [Object],
34 silly install resolved        [Object],
34 silly install resolved        [Object],
34 silly install resolved        [Object],
34 silly install resolved        [Object] ],
34 silly install resolved     dist:
34 silly install resolved      { shasum: '670cb7dcdd40d67a221e0a1bb757a1d1e8378043',
34 silly install resolved        tarball: 'http://registry.npmjs.org/browserify/-/browserify-10.2.4.tgz' },
34 silly install resolved     directories: {},
34 silly install resolved     _resolved: 'https://registry.npmjs.org/browserify/-/browserify-10.2.4.tgz',
34 silly install resolved     readme: 'ERROR: No README data found!' } ]
35 info install browserify@10.2.4 into /usr/local/lib
36 info installOne browserify@10.2.4
37 verbose installOne of browserify to /usr/local/lib not in flight; installing
38 warn locking Error: EACCES, open '/ngs-pubdata/home/baohongz/.npm/_locks/browserify-361ec04d0c7090cb.lock'
38 warn locking     at Error (native)
38 warn locking  /ngs-pubdata/home/baohongz/.npm/_locks/browserify-361ec04d0c7090cb.lock failed { [Error: EACCES, open '/ngs-pubdata/home/baohongz/.npm/_locks/browserify-361ec04d0c7090cb.lock']
38 warn locking   errno: -13,
38 warn locking   code: 'EACCES',
38 warn locking   path: '/ngs-pubdata/home/baohongz/.npm/_locks/browserify-361ec04d0c7090cb.lock' }
39 verbose stack Error: Attempt to unlock /usr/local/lib/node_modules/browserify, which hasn't been locked
39 verbose stack     at unlock (/usr/local/lib/node_modules/npm/lib/utils/locker.js:66:11)
39 verbose stack     at cb (/usr/local/lib/node_modules/npm/lib/install.js:1017:5)
39 verbose stack     at /usr/local/lib/node_modules/npm/lib/install.js:1021:20
39 verbose stack     at /usr/local/lib/node_modules/npm/lib/utils/locker.js:40:9
39 verbose stack     at cb (/usr/local/lib/node_modules/npm/node_modules/lockfile/lockfile.js:149:38)
39 verbose stack     at /usr/local/lib/node_modules/npm/node_modules/lockfile/lockfile.js:177:38
39 verbose stack     at FSReqWrap.oncomplete (fs.js:95:15)
40 verbose cwd /var/www/html/javascript/canvasXpress/js
41 error Linux 2.6.18-164.15.1.el5
42 error argv "/usr/local/bin/node" "/usr/local/bin/npm" "install" "-g" "browserify"
43 error node v0.12.4
44 error npm  v2.10.1
45 error Attempt to unlock /usr/local/lib/node_modules/browserify, which hasn't been locked
46 error If you need help, you may report this error at:
46 error     <https://github.com/npm/npm/issues>
47 verbose exit [ 1, true ]
